<?xml version="1.0" encoding="UTF-8"?>
<!-- Generated by org.testng.reporters.JUnitXMLReporter -->
<testsuite hostname="hgugapmbpp15077" ignored="0" name="1 Verify the header of the Page" tests="3" failures="0" timestamp="12 Jun 2019 08:17:55 GMT" time="53.333" errors="0">
  <testcase name="verifyUpperheaderPage" time="18.204" classname="com.testcases.HeaderTestPage"/>
  <testcase name="verifyGlobalheaderPage" time="10.896" classname="com.testcases.HeaderTestPage"/>
  <testcase name="verifySubheaderAboutUsPage" time="24.215" classname="com.testcases.HeaderTestPage"/>
</testsuite> <!-- 1 Verify the header of the Page -->
