<?xml version="1.0" encoding="UTF-8"?>
<!-- Generated by org.testng.reporters.JUnitXMLReporter -->
<testsuite hostname="hgugapmbpp15077" ignored="0" name="2 Verify the home of the Page" tests="2" failures="0" timestamp="12 Jun 2019 08:18:39 GMT" time="44.126" errors="0">
  <testcase name="verifyHeroSlider" time="10.941" classname="com.testcases.HomeTestPage"/>
  <testcase name="verifyCommunity" time="33.181" classname="com.testcases.HomeTestPage"/>
</testsuite> <!-- 2 Verify the home of the Page -->
