<?xml version="1.0" encoding="UTF-8"?>
<!-- Generated by org.testng.reporters.JUnitXMLReporter -->
<testsuite hostname="hgugapmbpp15077" ignored="0" name="1 Verify the header of the Page" tests="3" failures="0" timestamp="01 Jul 2019 10:32:21 GMT" time="59.422" errors="0">
  <testcase name="verifyUpperheaderPage" time="18.187" classname="com.testcases.HeaderTestPage"/>
  <testcase name="verifyGlobalheaderPage" time="12.179" classname="com.testcases.HeaderTestPage"/>
  <testcase name="verifySubheaderAboutUsPage" time="29.039" classname="com.testcases.HeaderTestPage"/>
</testsuite> <!-- 1 Verify the header of the Page -->
