<?xml version="1.0" encoding="UTF-8"?>
<!-- Generated by org.testng.reporters.JUnitXMLReporter -->
<testsuite hostname="hgugapmbpp15077" ignored="0" name="2 Verify the home of the Page" tests="2" failures="0" timestamp="01 Jul 2019 10:33:05 GMT" time="44.336" errors="0">
  <testcase name="verifyHeroSlider" time="10.966" classname="com.testcases.HomeTestPage"/>
  <testcase name="verifyCommunity" time="33.369" classname="com.testcases.HomeTestPage"/>
</testsuite> <!-- 2 Verify the home of the Page -->
